<?xml version="1.0" encoding="utf-8"?><testsuites><testsuite name="pytest" errors="0" failures="0" skipped="15" tests="320" time="2.077" timestamp="2026-03-08T23:13:50.068825" hostname="agent-env-17a37289-1cbf-4f4b-9ef7-596a1c1984ac"><testcase classname="tests.test_api.TestAPIEndpoints" name="test_health_endpoint" time="0.004" /><testcase classname="tests.test_api.TestAPIEndpoints" name="test_query_endpoint_empty_query_error" time="0.002" /><testcase classname="tests.test_api.TestAPIEndpoints" name="test_query_endpoint_missing_query_field" time="0.002" /><testcase classname="tests.test_api.TestAPIEndpoints" name="test_query_endpoint_normalized_empty_query_error" time="0.003" /><testcase classname="tests.test_api.TestAPIEndpoints" name="test_query_endpoint_returns_top_5" time="0.006" /><testcase classname="tests.test_api.TestAPIEndpoints" name="test_query_endpoint_success" time="0.004" /><testcase classname="tests.test_api.TestAPIEndpoints" name="test_query_endpoint_whitespace_only_query_error" time="0.002" /><testcase classname="tests.test_api.TestAPIEndpoints" name="test_root_endpoint" time="0.002" /><testcase classname="tests.test_api.TestAPIDeterminism" name="test_caching_works" time="0.009" /><testcase classname="tests.test_api.TestAPIDeterminism" name="test_different_queries_produce_different_results" time="0.007" /><testcase classname="tests.test_api.TestAPIDeterminism" name="test_identical_queries_produce_identical_results" time="0.006" /><testcase classname="tests.test_api.TestAPIResultsFormat" name="test_all_sequences_contain_pattern" time="0.004" /><testcase classname="tests.test_api.TestAPIResultsFormat" name="test_results_are_sorted_by_score" time="0.004" /><testcase classname="tests.test_api.TestAPIResultsFormat" name="test_scores_are_positive_floats" time="0.004" /><testcase classname="tests.test_auth_dashboard" name="test_login_rejects_invalid_credentials" time="0.000"><skipped type="pytest.skip" message="BACKEND_BASE_URL is not set">/app/tests/test_auth_dashboard.py:37: BACKEND_BASE_URL is not set</skipped></testcase><testcase classname="tests.test_auth_dashboard" name="test_login_default_credentials_returns_token" time="0.000"><skipped type="pytest.skip" message="BACKEND_BASE_URL is not set">/app/tests/test_auth_dashboard.py:47: BACKEND_BASE_URL is not set</skipped></testcase><testcase classname="tests.test_auth_dashboard" name="test_auth_me_requires_bearer_token" time="0.000"><skipped type="pytest.skip" message="BACKEND_BASE_URL is not set">/app/tests/test_auth_dashboard.py:59: BACKEND_BASE_URL is not set</skipped></testcase><testcase classname="tests.test_auth_dashboard" name="test_auth_me_returns_authenticated_profile" time="0.000"><skipped type="pytest.skip" message="BACKEND_BASE_URL is not set">/app/tests/test_auth_dashboard.py:65: BACKEND_BASE_URL is not set</skipped></testcase><testcase classname="tests.test_auth_dashboard" name="test_dashboard_overview_requires_auth" time="0.000"><skipped type="pytest.skip" message="BACKEND_BASE_URL is not set">/app/tests/test_auth_dashboard.py:79: BACKEND_BASE_URL is not set</skipped></testcase><testcase classname="tests.test_auth_dashboard" name="test_dashboard_overview_returns_metrics_infra_feedback" time="0.000"><skipped type="pytest.skip" message="BACKEND_BASE_URL is not set">/app/tests/test_auth_dashboard.py:85: BACKEND_BASE_URL is not set</skipped></testcase><testcase classname="tests.test_auth_dashboard" name="test_query_works_without_token_when_api_auth_disabled" time="0.000"><skipped type="pytest.skip" message="BACKEND_BASE_URL is not set">/app/tests/test_auth_dashboard.py:107: BACKEND_BASE_URL is not set</skipped></testcase><testcase classname="tests.test_babel_siphon.TestIRModels" name="test_breach_coordinates_repairable" time="0.000" /><testcase classname="tests.test_babel_siphon.TestIRModels" name="test_candidate_creation" time="0.000" /><testcase classname="tests.test_babel_siphon.TestIRModels" name="test_constraint_schema_creation" time="0.000" /><testcase classname="tests.test_babel_siphon.TestIRModels" name="test_constraint_schema_validation" time="0.000" /><testcase classname="tests.test_babel_siphon.TestSeedRegistry" name="test_deterministic_hash" time="0.000" /><testcase classname="tests.test_babel_siphon.TestSeedRegistry" name="test_different_inputs_different_hashes" time="0.000" /><testcase classname="tests.test_babel_siphon.TestSeedRegistry" name="test_seed_derivation" time="0.000" /><testcase classname="tests.test_babel_siphon.TestSeedRegistry" name="test_seed_sequence" time="0.000" /><testcase classname="tests.test_babel_siphon.TestFormalization" name="test_detect_code_domain" time="0.000" /><testcase classname="tests.test_babel_siphon.TestFormalization" name="test_detect_text_domain" time="0.000" /><testcase classname="tests.test_babel_siphon.TestFormalization" name="test_extract_required_tokens" time="0.000" /><testcase classname="tests.test_babel_siphon.TestFormalization" name="test_formalize_query_code" time="0.000" /><testcase classname="tests.test_babel_siphon.TestFormalization" name="test_formalize_query_text" time="0.000" /><testcase classname="tests.test_babel_siphon.TestSemanticLattice" name="test_deterministic_generation" time="0.001" /><testcase classname="tests.test_babel_siphon.TestSemanticLattice" name="test_generate_candidates" time="0.000" /><testcase classname="tests.test_babel_siphon.TestSMTSolver" name="test_repair_candidate" time="0.000" /><testcase classname="tests.test_babel_siphon.TestSMTSolver" name="test_validate_length_violation" time="0.000" /><testcase classname="tests.test_babel_siphon.TestSMTSolver" name="test_validate_missing_token" time="0.000" /><testcase classname="tests.test_babel_siphon.TestSMTSolver" name="test_validate_valid_candidate" time="0.000" /><testcase classname="tests.test_babel_siphon.TestRanker" name="test_deterministic_ranking" time="0.000" /><testcase classname="tests.test_babel_siphon.TestRanker" name="test_rank_candidates" time="0.000" /><testcase classname="tests.test_babel_siphon.TestRanker" name="test_score_candidate" time="0.000" /><testcase classname="tests.test_babel_siphon.TestBabelSiphonPipeline" name="test_convenience_function" time="0.001" /><testcase classname="tests.test_babel_siphon.TestBabelSiphonPipeline" name="test_no_valid_candidates" time="0.000" /><testcase classname="tests.test_babel_siphon.TestBabelSiphonPipeline" name="test_pipeline_determinism" time="0.002" /><testcase classname="tests.test_babel_siphon.TestBabelSiphonPipeline" name="test_pipeline_statistics" time="0.001" /><testcase classname="tests.test_babel_siphon.TestBabelSiphonPipeline" name="test_pipeline_success" time="0.001" /><testcase classname="tests.test_buffer.TestDatabaseSchema" name="test_get_all_schemas" time="0.000" /><testcase classname="tests.test_buffer.TestDatabaseSchema" name="test_manifold_coordinates_schema" time="0.000" /><testcase classname="tests.test_buffer.TestDatabaseSchema" name="test_void_logs_schema" time="0.000" /><testcase classname="tests.test_buffer.TestRelationalBuffer" name="test_analyze_knowledge_gaps" time="0.000" /><testcase classname="tests.test_buffer.TestRelationalBuffer" name="test_connection" time="0.000" /><testcase classname="tests.test_buffer.TestRelationalBuffer" name="test_get_schema_sql" time="0.000" /><testcase classname="tests.test_buffer.TestRelationalBuffer" name="test_get_successful_resolutions" time="0.000" /><testcase classname="tests.test_buffer.TestRelationalBuffer" name="test_get_void_logs" time="0.000" /><testcase classname="tests.test_buffer.TestRelationalBuffer" name="test_store_successful_resolution" time="0.000" /><testcase classname="tests.test_buffer.TestRelationalBuffer" name="test_store_void_log" time="0.000" /><testcase classname="tests.test_config.TestConfigDefaults" name="test_config_defaults" time="0.000" /><testcase classname="tests.test_config.TestConfigValidation" name="test_config_validate_invalid_port_too_high" time="0.000" /><testcase classname="tests.test_config.TestConfigValidation" name="test_config_validate_invalid_port_too_low" time="0.000" /><testcase classname="tests.test_config.TestConfigValidation" name="test_config_validate_invalid_query_length" time="0.000" /><testcase classname="tests.test_config.TestConfigValidation" name="test_config_validate_invalid_timeout" time="0.000" /><testcase classname="tests.test_config.TestConfigValidation" name="test_config_validate_valid" time="0.000" /><testcase classname="tests.test_encryption.TestHardwareIDGenerator" name="test_hardware_id_consistency" time="0.003" /><testcase classname="tests.test_encryption.TestHardwareIDGenerator" name="test_hardware_id_generation" time="0.000" /><testcase classname="tests.test_encryption.TestHardwareIDGenerator" name="test_key_derivation" time="0.000" /><testcase classname="tests.test_encryption.TestHardwareIDGenerator" name="test_key_rotation" time="0.000" /><testcase classname="tests.test_encryption.TestWeightEncryptor" name="test_encrypt_decrypt_weights" time="0.007" /><testcase classname="tests.test_encryption.TestWeightEncryptor" name="test_encryption_with_different_keys" time="0.000" /><testcase classname="tests.test_encryption.TestWeightEncryptor" name="test_get_encryption_info" time="0.000" /><testcase classname="tests.test_encryption.TestWeightEncryptor" name="test_hardware_id_mismatch" time="0.000" /><testcase classname="tests.test_encryption.TestWeightEncryptor" name="test_initialization" time="0.000" /><testcase classname="tests.test_encryption.TestWeightEncryptor" name="test_key_rotation" time="0.000" /><testcase classname="tests.test_logging.TestStructuredFormatter" name="test_structured_formatter_basic" time="0.000" /><testcase classname="tests.test_logging.TestStructuredFormatter" name="test_structured_formatter_with_request_id" time="0.000" /><testcase classname="tests.test_logging.TestTextFormatter" name="test_text_formatter_basic" time="0.000" /><testcase classname="tests.test_logging.TestTextFormatter" name="test_text_formatter_with_request_id" time="0.000" /><testcase classname="tests.test_logging.TestLoggingSetup" name="test_get_logger" time="0.000" /><testcase classname="tests.test_logging.TestLoggingSetup" name="test_setup_logging_json" time="0.000" /><testcase classname="tests.test_logging.TestLoggingSetup" name="test_setup_logging_text" time="0.000" /><testcase classname="tests.test_logging.TestRequestIDTracking" name="test_request_id_default" time="0.000" /><testcase classname="tests.test_logging.TestRequestIDTracking" name="test_set_and_get_request_id" time="0.000" /><testcase classname="tests.test_middleware.TestWeightEncryptor" name="test_checksum_function" time="0.000" /><testcase classname="tests.test_middleware.TestWeightEncryptor" name="test_checksum_verification" time="0.002" /><testcase classname="tests.test_middleware.TestWeightEncryptor" name="test_custom_salt" time="0.001" /><testcase classname="tests.test_middleware.TestWeightEncryptor" name="test_decrypt_wrong_associated_data_fails" time="0.001" /><testcase classname="tests.test_middleware.TestWeightEncryptor" name="test_encrypt_decrypt_roundtrip" time="0.001" /><testcase classname="tests.test_middleware.TestWeightEncryptor" name="test_encrypt_with_associated_data" time="0.001" /><testcase classname="tests.test_middleware.TestWeightEncryptor" name="test_hardware_fingerprint" time="0.000" /><testcase classname="tests.test_middleware.TestWeightEncryptor" name="test_hardware_fingerprint_fallback" time="0.000" /><testcase classname="tests.test_middleware.TestWeightEncryptor" name="test_hardware_fingerprint_mismatch" time="0.000" /><testcase classname="tests.test_middleware.TestThalosBridge" name="test_dsn_whitespace_stripped" time="0.000" /><testcase classname="tests.test_middleware.TestThalosBridge" name="test_initialization_control_characters_fail" time="0.000" /><testcase classname="tests.test_middleware.TestThalosBridge" name="test_initialization_no_dsn_fails" time="0.000" /><testcase classname="tests.test_middleware.TestThalosBridge" name="test_initialization_with_dsn_arg" time="0.000" /><testcase classname="tests.test_middleware.TestThalosBridge" name="test_initialization_with_env_var" time="0.000" /><testcase classname="tests.test_middleware.TestThalosBridge" name="test_resolve_aad_default" time="0.000" /><testcase classname="tests.test_middleware.TestThalosBridge" name="test_resolve_aad_explicit" time="0.000" /><testcase classname="tests.test_middleware.TestThalosBridge" name="test_severity_validation" time="0.000" /><testcase classname="tests.test_middleware.TestThalosBridgeIntegration" name="test_apply_schema" time="0.001"><skipped type="pytest.skip" message="Cannot connect to database: connection to server at &quot;localhost&quot; (127.0.0.1), port 5432 failed: Connection refused&#10;&#09;Is the server running on that host and accepting TCP/IP connections?&#10;connection to server at &quot;localhost&quot; (::1), port 5432 failed: Cannot assign requested address&#10;&#09;Is the server running on that host and accepting TCP/IP connections?">/app/tests/test_middleware.py:252: Cannot connect to database: connection to server at "localhost" (127.0.0.1), port 5432 failed: Connection refused
	Is the server running on that host and accepting TCP/IP connections?
connection to server at "localhost" (::1), port 5432 failed: Cannot assign requested address
	Is the server running on that host and accepting TCP/IP connections?</skipped></testcase><testcase classname="tests.test_middleware.TestThalosBridgeIntegration" name="test_fetch_void_logs_with_min_severity" time="0.001"><skipped type="pytest.skip" message="Cannot connect to database: connection to server at &quot;localhost&quot; (127.0.0.1), port 5432 failed: Connection refused&#10;&#09;Is the server running on that host and accepting TCP/IP connections?&#10;connection to server at &quot;localhost&quot; (::1), port 5432 failed: Cannot assign requested address&#10;&#09;Is the server running on that host and accepting TCP/IP connections?">/app/tests/test_middleware.py:312: Cannot connect to database: connection to server at "localhost" (127.0.0.1), port 5432 failed: Connection refused
	Is the server running on that host and accepting TCP/IP connections?
connection to server at "localhost" (::1), port 5432 failed: Cannot assign requested address
	Is the server running on that host and accepting TCP/IP connections?</skipped></testcase><testcase classname="tests.test_middleware.TestThalosBridgeIntegration" name="test_load_nonexistent_weights_fails" time="0.000"><skipped type="pytest.skip" message="Cannot connect to database: connection to server at &quot;localhost&quot; (127.0.0.1), port 5432 failed: Connection refused&#10;&#09;Is the server running on that host and accepting TCP/IP connections?&#10;connection to server at &quot;localhost&quot; (::1), port 5432 failed: Cannot assign requested address&#10;&#09;Is the server running on that host and accepting TCP/IP connections?">/app/tests/test_middleware.py:357: Cannot connect to database: connection to server at "localhost" (127.0.0.1), port 5432 failed: Connection refused
	Is the server running on that host and accepting TCP/IP connections?
connection to server at "localhost" (::1), port 5432 failed: Cannot assign requested address
	Is the server running on that host and accepting TCP/IP connections?</skipped></testcase><testcase classname="tests.test_middleware.TestThalosBridgeIntegration" name="test_upsert_and_load_encrypted_weights" time="0.001"><skipped type="pytest.skip" message="Cannot connect to database: connection to server at &quot;localhost&quot; (127.0.0.1), port 5432 failed: Connection refused&#10;&#09;Is the server running on that host and accepting TCP/IP connections?&#10;connection to server at &quot;localhost&quot; (::1), port 5432 failed: Cannot assign requested address&#10;&#09;Is the server running on that host and accepting TCP/IP connections?">/app/tests/test_middleware.py:325: Cannot connect to database: connection to server at "localhost" (127.0.0.1), port 5432 failed: Connection refused
	Is the server running on that host and accepting TCP/IP connections?
connection to server at "localhost" (::1), port 5432 failed: Cannot assign requested address
	Is the server running on that host and accepting TCP/IP connections?</skipped></testcase><testcase classname="tests.test_middleware.TestThalosBridgeIntegration" name="test_void_log_with_coordinate_ref" time="0.000"><skipped type="pytest.skip" message="Cannot connect to database: connection to server at &quot;localhost&quot; (127.0.0.1), port 5432 failed: Connection refused&#10;&#09;Is the server running on that host and accepting TCP/IP connections?&#10;connection to server at &quot;localhost&quot; (::1), port 5432 failed: Cannot assign requested address&#10;&#09;Is the server running on that host and accepting TCP/IP connections?">/app/tests/test_middleware.py:363: Cannot connect to database: connection to server at "localhost" (127.0.0.1), port 5432 failed: Connection refused
	Is the server running on that host and accepting TCP/IP connections?
connection to server at "localhost" (::1), port 5432 failed: Cannot assign requested address
	Is the server running on that host and accepting TCP/IP connections?</skipped></testcase><testcase classname="tests.test_middleware.TestThalosBridgeIntegration" name="test_write_and_fetch_manifold_coordinate" time="0.000"><skipped type="pytest.skip" message="Cannot connect to database: connection to server at &quot;localhost&quot; (127.0.0.1), port 5432 failed: Connection refused&#10;&#09;Is the server running on that host and accepting TCP/IP connections?&#10;connection to server at &quot;localhost&quot; (::1), port 5432 failed: Cannot assign requested address&#10;&#09;Is the server running on that host and accepting TCP/IP connections?">/app/tests/test_middleware.py:257: Cannot connect to database: connection to server at "localhost" (127.0.0.1), port 5432 failed: Connection refused
	Is the server running on that host and accepting TCP/IP connections?
connection to server at "localhost" (::1), port 5432 failed: Cannot assign requested address
	Is the server running on that host and accepting TCP/IP connections?</skipped></testcase><testcase classname="tests.test_middleware.TestThalosBridgeIntegration" name="test_write_and_fetch_void_logs" time="0.000"><skipped type="pytest.skip" message="Cannot connect to database: connection to server at &quot;localhost&quot; (127.0.0.1), port 5432 failed: Connection refused&#10;&#09;Is the server running on that host and accepting TCP/IP connections?&#10;connection to server at &quot;localhost&quot; (::1), port 5432 failed: Cannot assign requested address&#10;&#09;Is the server running on that host and accepting TCP/IP connections?">/app/tests/test_middleware.py:281: Cannot connect to database: connection to server at "localhost" (127.0.0.1), port 5432 failed: Connection refused
	Is the server running on that host and accepting TCP/IP connections?
connection to server at "localhost" (::1), port 5432 failed: Cannot assign requested address
	Is the server running on that host and accepting TCP/IP connections?</skipped></testcase><testcase classname="tests.test_middleware.TestThalosBridgeIntegration" name="test_write_void_log_invalid_severity" time="0.000"><skipped type="pytest.skip" message="Cannot connect to database: connection to server at &quot;localhost&quot; (127.0.0.1), port 5432 failed: Connection refused&#10;&#09;Is the server running on that host and accepting TCP/IP connections?&#10;connection to server at &quot;localhost&quot; (::1), port 5432 failed: Cannot assign requested address&#10;&#09;Is the server running on that host and accepting TCP/IP connections?">/app/tests/test_middleware.py:303: Cannot connect to database: connection to server at "localhost" (127.0.0.1), port 5432 failed: Connection refused
	Is the server running on that host and accepting TCP/IP connections?
connection to server at "localhost" (::1), port 5432 failed: Cannot assign requested address
	Is the server running on that host and accepting TCP/IP connections?</skipped></testcase><testcase classname="tests.test_mind.TestGeometricCharacterEmbedding" name="test_character_set" time="0.002" /><testcase classname="tests.test_mind.TestGeometricCharacterEmbedding" name="test_decode" time="0.002" /><testcase classname="tests.test_mind.TestGeometricCharacterEmbedding" name="test_encode" time="0.002" /><testcase classname="tests.test_mind.TestGeometricCharacterEmbedding" name="test_initialization" time="0.002" /><testcase classname="tests.test_mind.TestGeometricCharacterEmbedding" name="test_relational_distance" time="0.002" /><testcase classname="tests.test_mind.TestSemanticSieve" name="test_filter_empty_text" time="0.000" /><testcase classname="tests.test_mind.TestSemanticSieve" name="test_filter_random_text" time="0.000" /><testcase classname="tests.test_mind.TestSemanticSieve" name="test_filter_valid_text" time="0.000" /><testcase classname="tests.test_mind.TestSemanticSieve" name="test_initialization" time="0.000" /><testcase classname="tests.test_mind.TestSemanticSieve" name="test_threshold_enforcement" time="0.000" /><testcase classname="tests.test_mind.TestMindLLMHandler" name="test_evaluate_confidence" time="0.005" /><testcase classname="tests.test_mind.TestMindLLMHandler" name="test_generate" time="0.005" /><testcase classname="tests.test_mind.TestMindLLMHandler" name="test_initialization" time="0.005" /><testcase classname="tests.test_mind.TestMindLLMHandler" name="test_parameters_initialization" time="0.026" /><testcase classname="tests.test_permutation.TestPermutationEngine" name="test_complete_process" time="0.019" /><testcase classname="tests.test_permutation.TestPermutationEngine" name="test_generate_permutation_space" time="0.001" /><testcase classname="tests.test_permutation.TestPermutationEngine" name="test_initialization" time="0.000" /><testcase classname="tests.test_permutation.TestPermutationEngine" name="test_mathematical_refinement" time="0.001" /><testcase classname="tests.test_permutation.TestPermutationEngine" name="test_reproducibility" time="0.002" /><testcase classname="tests.test_permutation.TestConceptualFilter" name="test_filter_edges" time="0.000" /><testcase classname="tests.test_permutation.TestConceptualFilter" name="test_filter_peaks" time="0.000" /><testcase classname="tests.test_permutation.TestConceptualFilter" name="test_filter_valleys" time="0.000" /><testcase classname="tests.test_permutation.TestConceptualFilter" name="test_initialization" time="0.000" /><testcase classname="tests.test_pipeline.TestQueryNormalizer" name="test_alphanumeric_preservation" time="0.000" /><testcase classname="tests.test_pipeline.TestQueryNormalizer" name="test_caching" time="0.000" /><testcase classname="tests.test_pipeline.TestQueryNormalizer" name="test_special_character_removal" time="0.000" /><testcase classname="tests.test_pipeline.TestQueryNormalizer" name="test_uppercase_conversion" time="0.000" /><testcase classname="tests.test_pipeline.TestQueryNormalizer" name="test_whitespace_normalization" time="0.000" /><testcase classname="tests.test_pipeline.TestConstraintGenerator" name="test_constraint_structure" time="0.000" /><testcase classname="tests.test_pipeline.TestConstraintGenerator" name="test_determinism" time="0.000" /><testcase classname="tests.test_pipeline.TestConstraintGenerator" name="test_length_bounds" time="0.000" /><testcase classname="tests.test_pipeline.TestConstraintGenerator" name="test_pattern_matches_input" time="0.000" /><testcase classname="tests.test_pipeline.TestIndexMapper" name="test_determinism" time="0.000" /><testcase classname="tests.test_pipeline.TestIndexMapper" name="test_generates_1000_indices" time="0.000" /><testcase classname="tests.test_pipeline.TestIndexMapper" name="test_returns_list" time="0.000" /><testcase classname="tests.test_pipeline.TestIndexMapper" name="test_step_size_based_on_pattern" time="0.000" /><testcase classname="tests.test_pipeline.TestSequenceGenerator" name="test_book_format" time="0.000" /><testcase classname="tests.test_pipeline.TestSequenceGenerator" name="test_determinism" time="0.000" /><testcase classname="tests.test_pipeline.TestSequenceGenerator" name="test_generates_sequences_for_all_indices" time="0.000" /><testcase classname="tests.test_pipeline.TestSequenceGenerator" name="test_sequences_contain_pattern" time="0.001" /><testcase classname="tests.test_pipeline.TestAnalyzer" name="test_eliminates_duplicates" time="0.000" /><testcase classname="tests.test_pipeline.TestAnalyzer" name="test_filters_by_length" time="0.000" /><testcase classname="tests.test_pipeline.TestAnalyzer" name="test_filters_by_pattern" time="0.000" /><testcase classname="tests.test_pipeline.TestScorer" name="test_center_weighted_scoring" time="0.000" /><testcase classname="tests.test_pipeline.TestScorer" name="test_returns_scored_sequences" time="0.000" /><testcase classname="tests.test_pipeline.TestScorer" name="test_sorted_descending" time="0.000" /><testcase classname="tests.test_pipeline.TestPipelineDeterminism" name="test_caching_maintains_determinism" time="0.001" /><testcase classname="tests.test_pipeline.TestPipelineDeterminism" name="test_different_queries_produce_different_results" time="0.002" /><testcase classname="tests.test_pipeline.TestPipelineDeterminism" name="test_empty_normalized_query_raises_error" time="0.000" /><testcase classname="tests.test_pipeline.TestPipelineDeterminism" name="test_identical_queries_produce_identical_results" time="0.058" /><testcase classname="tests.test_pipeline.TestPipelineDeterminism" name="test_returns_top_10_results" time="0.002" /><testcase classname="tests.test_pipeline.TestOutputHandler" name="test_output_does_not_crash" time="0.000" /><testcase classname="tests.test_query_classifier.TestQueryClassifier" name="test_case_insensitivity" time="0.000" /><testcase classname="tests.test_query_classifier.TestQueryClassifier" name="test_classify_code_query" time="0.000" /><testcase classname="tests.test_query_classifier.TestQueryClassifier" name="test_classify_mathematical_query" time="0.000" /><testcase classname="tests.test_query_classifier.TestQueryClassifier" name="test_classify_natural_language_query" time="0.000" /><testcase classname="tests.test_query_classifier.TestQueryClassifier" name="test_classify_scientific_query" time="0.000" /><testcase classname="tests.test_query_classifier.TestQueryClassifier" name="test_deterministic_classification" time="0.000" /><testcase classname="tests.test_query_classifier.TestQueryClassifier" name="test_empty_query_defaults_to_natural_language" time="0.000" /><testcase classname="tests.test_query_classifier.TestQueryClassifier" name="test_get_query_metadata" time="0.000" /><testcase classname="tests.test_query_classifier.TestQueryClassifier" name="test_metadata_mathematical" time="0.000" /><testcase classname="tests.test_query_classifier.TestQueryClassifier" name="test_metadata_natural_language" time="0.000" /><testcase classname="tests.test_query_classifier.TestQueryClassifier" name="test_metadata_scientific" time="0.000" /><testcase classname="tests.test_query_classifier.TestQueryClassifier" name="test_priority_code_over_mathematical" time="0.000" /><testcase classname="tests.test_query_classifier.TestQueryClassifier" name="test_priority_code_over_scientific" time="0.000" /><testcase classname="tests.test_runtime_regression_endpoints" name="test_health_endpoint_contract" time="0.003" /><testcase classname="tests.test_runtime_regression_endpoints" name="test_api_version_endpoint_contract" time="0.002" /><testcase classname="tests.test_runtime_regression_endpoints" name="test_auth_login_and_dashboard_overview_flow" time="0.008" /><testcase classname="tests.test_security.TestRateLimiter" name="test_rate_limiter_allows_requests_under_limit" time="0.000" /><testcase classname="tests.test_security.TestRateLimiter" name="test_rate_limiter_blocks_requests_over_limit" time="0.000" /><testcase classname="tests.test_security.TestRateLimiter" name="test_rate_limiter_multiple_clients" time="0.000" /><testcase classname="tests.test_security.TestRateLimiter" name="test_rate_limiter_retry_after" time="0.000" /><testcase classname="tests.test_security.TestRateLimiter" name="test_rate_limiter_sliding_window" time="1.100" /><testcase classname="tests.test_security.TestQueryValidation" name="test_validate_query_allows_whitespace" time="0.000" /><testcase classname="tests.test_security.TestQueryValidation" name="test_validate_query_control_characters" time="0.000" /><testcase classname="tests.test_security.TestQueryValidation" name="test_validate_query_excessive_repetition" time="0.000" /><testcase classname="tests.test_security.TestQueryValidation" name="test_validate_query_too_long" time="0.000" /><testcase classname="tests.test_security.TestQueryValidation" name="test_validate_query_valid" time="0.000" /><testcase classname="tests.test_security.TestRequestID" name="test_generate_request_id_format" time="0.000" /><testcase classname="tests.test_security.TestRequestID" name="test_generate_request_id_unique" time="0.000" /><testcase classname="tests.test_security.TestAPIKeyAuth" name="test_add_api_key" time="0.000" /><testcase classname="tests.test_security.TestAPIKeyAuth" name="test_validate_api_key_invalid" time="0.000" /><testcase classname="tests.test_security.TestAPIKeyAuth" name="test_validate_api_key_valid" time="0.000" /><testcase classname="tests.test_synonym_expander.TestSynonymExpander" name="test_add_synonym" time="0.000" /><testcase classname="tests.test_synonym_expander.TestSynonymExpander" name="test_add_synonym_merges_with_existing" time="0.000" /><testcase classname="tests.test_synonym_expander.TestSynonymExpander" name="test_common_synonyms_exist" time="0.000" /><testcase classname="tests.test_synonym_expander.TestSynonymExpander" name="test_expand_query_multiple_words" time="0.000" /><testcase classname="tests.test_synonym_expander.TestSynonymExpander" name="test_expand_query_single_word" time="0.000" /><testcase classname="tests.test_synonym_expander.TestSynonymExpander" name="test_expansion_deterministic" time="0.000" /><testcase classname="tests.test_synonym_expander.TestSynonymExpander" name="test_expansion_preview" time="0.000" /><testcase classname="tests.test_synonym_expander.TestSynonymExpander" name="test_expansion_preview_no_expandable_words" time="0.000" /><testcase classname="tests.test_synonym_expander.TestSynonymExpander" name="test_expansions_contain_original_words" time="0.000" /><testcase classname="tests.test_synonym_expander.TestSynonymExpander" name="test_get_related_terms" time="0.000" /><testcase classname="tests.test_synonym_expander.TestSynonymExpander" name="test_get_related_terms_unknown_word" time="0.000" /><testcase classname="tests.test_synonym_expander.TestSynonymExpander" name="test_get_synonym_count" time="0.000" /><testcase classname="tests.test_synonym_expander.TestSynonymExpander" name="test_max_expansions_limit" time="0.000" /><testcase classname="tests.test_synonym_expander.TestSynonymExpander" name="test_no_duplicate_expansions" time="0.000" /><testcase classname="tests.test_synonym_expander.TestSynonymExpander" name="test_no_expansion_for_unknown_words" time="0.000" /><testcase classname="tests.test_synonym_expander.TestSynonymExpander" name="test_technical_synonyms_exist" time="0.000" /><testcase classname="tests.test_thalos.TestThalosMatrix" name="test_addition" time="0.000" /><testcase classname="tests.test_thalos.TestThalosMatrix" name="test_flatten" time="0.000" /><testcase classname="tests.test_thalos.TestThalosMatrix" name="test_initialization_from_array" time="0.000" /><testcase classname="tests.test_thalos.TestThalosMatrix" name="test_initialization_from_list" time="0.000" /><testcase classname="tests.test_thalos.TestThalosMatrix" name="test_initialization_from_scalar" time="0.000" /><testcase classname="tests.test_thalos.TestThalosMatrix" name="test_matmul" time="0.000" /><testcase classname="tests.test_thalos.TestThalosMatrix" name="test_multiplication" time="0.000" /><testcase classname="tests.test_thalos.TestThalosMatrix" name="test_relu_activation" time="0.000" /><testcase classname="tests.test_thalos.TestThalosMatrix" name="test_reshape" time="0.000" /><testcase classname="tests.test_thalos.TestThalosMatrix" name="test_sigmoid_activation" time="0.000" /><testcase classname="tests.test_thalos.TestThalosMatrix" name="test_tanh_activation" time="0.000" /><testcase classname="tests.test_thalos.TestThalosMatrix" name="test_transpose" time="0.000" /><testcase classname="tests.test_ucs_integration.TestGoldenRatio" name="test_derive_constant_from_phi_negative" time="0.000" /><testcase classname="tests.test_ucs_integration.TestGoldenRatio" name="test_derive_constant_from_phi_two" time="0.000" /><testcase classname="tests.test_ucs_integration.TestGoldenRatio" name="test_derive_constant_from_phi_zero" time="0.000" /><testcase classname="tests.test_ucs_integration.TestGoldenRatio" name="test_phi_approx" time="0.000" /><testcase classname="tests.test_ucs_integration.TestGoldenRatio" name="test_phi_identity" time="0.000" /><testcase classname="tests.test_ucs_integration.TestGoldenRatio" name="test_phi_reciprocal_identity" time="0.000" /><testcase classname="tests.test_ucs_integration.TestGoldenRatio" name="test_phi_value" time="0.000" /><testcase classname="tests.test_ucs_integration.TestUCSConstants" name="test_all_positive" time="0.000" /><testcase classname="tests.test_ucs_integration.TestUCSConstants" name="test_coupling" time="0.000" /><testcase classname="tests.test_ucs_integration.TestUCSConstants" name="test_energy_scale" time="0.000" /><testcase classname="tests.test_ucs_integration.TestUCSConstants" name="test_entropy_unit" time="0.000" /><testcase classname="tests.test_ucs_integration.TestUCSConstants" name="test_mass_ratio" time="0.000" /><testcase classname="tests.test_ucs_integration.TestUCSConstants" name="test_phi_cube" time="0.000" /><testcase classname="tests.test_ucs_integration.TestUCSConstants" name="test_phi_inv" time="0.000" /><testcase classname="tests.test_ucs_integration.TestUCSConstants" name="test_phi_sq" time="0.000" /><testcase classname="tests.test_ucs_integration.TestUCSConstants" name="test_temperature" time="0.000" /><testcase classname="tests.test_ucs_integration.TestNUME" name="test_deterministic" time="0.000" /><testcase classname="tests.test_ucs_integration.TestNUME" name="test_diverse_text_higher_score" time="0.000" /><testcase classname="tests.test_ucs_integration.TestNUME" name="test_empty_string_returns_zero" time="0.000" /><testcase classname="tests.test_ucs_integration.TestNUME" name="test_nonnegative" time="0.000" /><testcase classname="tests.test_ucs_integration.TestNUME" name="test_single_char" time="0.000" /><testcase classname="tests.test_ucs_integration.TestNUME" name="test_uniform_string_low_entropy" time="0.000" /><testcase classname="tests.test_ucs_integration.TestXuanLiangMetric" name="test_closer_texts_smaller_distance" time="0.000" /><testcase classname="tests.test_ucs_integration.TestXuanLiangMetric" name="test_deterministic" time="0.000" /><testcase classname="tests.test_ucs_integration.TestXuanLiangMetric" name="test_different_texts_positive_distance" time="0.000" /><testcase classname="tests.test_ucs_integration.TestXuanLiangMetric" name="test_distance_nonnegative" time="0.000" /><testcase classname="tests.test_ucs_integration.TestXuanLiangMetric" name="test_identical_texts_distance_zero" time="0.000" /><testcase classname="tests.test_ucs_integration.TestXuanLiangMetric" name="test_identical_texts_similarity_one" time="0.000" /><testcase classname="tests.test_ucs_integration.TestXuanLiangMetric" name="test_similarity_in_range" time="0.000" /><testcase classname="tests.test_ucs_integration.TestVerlindeEntropicForce" name="test_custom_temperature" time="0.000" /><testcase classname="tests.test_ucs_integration.TestVerlindeEntropicForce" name="test_force_inversely_proportional_to_displacement" time="0.000" /><testcase classname="tests.test_ucs_integration.TestVerlindeEntropicForce" name="test_force_scales_with_entropy" time="0.000" /><testcase classname="tests.test_ucs_integration.TestVerlindeEntropicForce" name="test_invalid_displacement_raises" time="0.000" /><testcase classname="tests.test_ucs_integration.TestVerlindeEntropicForce" name="test_positive_entropy_positive_force" time="0.000" /><testcase classname="tests.test_ucs_integration.TestVerlindeEntropicForce" name="test_temperature_from_phi" time="0.000" /><testcase classname="tests.test_ucs_integration.TestVerlindeEntropicForce" name="test_zero_entropy_zero_force" time="0.000" /><testcase classname="tests.test_ucs_integration.TestMasterFormula" name="test_deterministic" time="0.000" /><testcase classname="tests.test_ucs_integration.TestMasterFormula" name="test_identical_query_and_candidate_high_score" time="0.000" /><testcase classname="tests.test_ucs_integration.TestMasterFormula" name="test_rank_deterministic" time="0.000" /><testcase classname="tests.test_ucs_integration.TestMasterFormula" name="test_rank_empty_candidates" time="0.000" /><testcase classname="tests.test_ucs_integration.TestMasterFormula" name="test_rank_returns_sorted_results" time="0.000" /><testcase classname="tests.test_ucs_integration.TestMasterFormula" name="test_score_in_range" time="0.000" /><testcase classname="tests.test_ucs_integration.TestLifecycleState" name="test_states_are_unique" time="0.000" /><testcase classname="tests.test_ucs_integration.TestSubsystemInfo" name="test_health_fn_respected" time="0.000" /><testcase classname="tests.test_ucs_integration.TestSubsystemInfo" name="test_healthy_when_running_no_health_fn" time="0.000" /><testcase classname="tests.test_ucs_integration.TestSubsystemInfo" name="test_initial_state_registered" time="0.000" /><testcase classname="tests.test_ucs_integration.TestSubsystemInfo" name="test_not_healthy_when_not_running" time="0.000" /><testcase classname="tests.test_ucs_integration.TestSubsystemInfo" name="test_repr_contains_name" time="0.000" /><testcase classname="tests.test_ucs_integration.TestControlPlane" name="test_all_healthy_when_all_running" time="0.000" /><testcase classname="tests.test_ucs_integration.TestControlPlane" name="test_double_register_raises" time="0.000" /><testcase classname="tests.test_ucs_integration.TestControlPlane" name="test_failed_start_sets_failed_state" time="0.000" /><testcase classname="tests.test_ucs_integration.TestControlPlane" name="test_not_all_healthy_when_stopped" time="0.000" /><testcase classname="tests.test_ucs_integration.TestControlPlane" name="test_register_and_list" time="0.000" /><testcase classname="tests.test_ucs_integration.TestControlPlane" name="test_start_all" time="0.000" /><testcase classname="tests.test_ucs_integration.TestControlPlane" name="test_start_idempotent" time="0.000" /><testcase classname="tests.test_ucs_integration.TestControlPlane" name="test_start_transitions_to_running" time="0.000" /><testcase classname="tests.test_ucs_integration.TestControlPlane" name="test_stop_all_reverse_order" time="0.000" /><testcase classname="tests.test_ucs_integration.TestControlPlane" name="test_stop_idempotent" time="0.000" /><testcase classname="tests.test_ucs_integration.TestControlPlane" name="test_stop_transitions_to_stopped" time="0.000" /><testcase classname="tests.test_ucs_integration.TestControlPlane" name="test_summary" time="0.000" /><testcase classname="tests.test_ucs_integration.TestControlPlane" name="test_unknown_subsystem_raises_key_error" time="0.000" /><testcase classname="tests.test_ucs_integration.TestLogicGuard" name="test_deterministic_evaluation" time="0.000" /><testcase classname="tests.test_ucs_integration.TestLogicGuard" name="test_empty_candidate_not_sound" time="0.000" /><testcase classname="tests.test_ucs_integration.TestLogicGuard" name="test_guard_result_has_checks" time="0.000" /><testcase classname="tests.test_ucs_integration.TestLogicGuard" name="test_missing_token_not_sound" time="0.000" /><testcase classname="tests.test_ucs_integration.TestLogicGuard" name="test_required_token_present_passes" time="0.000" /><testcase classname="tests.test_ucs_integration.TestLogicGuard" name="test_soundness_threshold_constant" time="0.000" /><testcase classname="tests.test_ucs_integration.TestLogicGuard" name="test_too_short_candidate_not_sound" time="0.000" /><testcase classname="tests.test_ucs_integration.TestLogicGuard" name="test_valid_candidate_is_sound" time="0.000" /><testcase classname="tests.test_ucs_integration.TestAnswerVerifier" name="test_deterministic" time="0.000" /><testcase classname="tests.test_ucs_integration.TestAnswerVerifier" name="test_empty_candidate_not_verified" time="0.000" /><testcase classname="tests.test_ucs_integration.TestAnswerVerifier" name="test_rejection_reason_when_unsound" time="0.000" /><testcase classname="tests.test_ucs_integration.TestAnswerVerifier" name="test_result_has_relevance_score" time="0.000" /><testcase classname="tests.test_ucs_integration.TestAnswerVerifier" name="test_result_has_soundness_score" time="0.000" /><testcase classname="tests.test_ucs_integration.TestAnswerVerifier" name="test_valid_candidate_verified" time="0.000" /><testcase classname="tests.test_ucs_integration.TestAnswerVerifier" name="test_verified_only_sorted_by_relevance" time="0.000" /><testcase classname="tests.test_ucs_integration.TestAnswerVerifier" name="test_verify_batch" time="0.000" /><testcase classname="tests.test_ucs_integration.TestNeuroSymbolicSearch" name="test_all_results_positive_relevance" time="0.002" /><testcase classname="tests.test_ucs_integration.TestNeuroSymbolicSearch" name="test_deterministic" time="0.002" /><testcase classname="tests.test_ucs_integration.TestNeuroSymbolicSearch" name="test_different_queries_different_results" time="0.003" /><testcase classname="tests.test_ucs_integration.TestNeuroSymbolicSearch" name="test_ranks_are_sequential" time="0.001" /><testcase classname="tests.test_ucs_integration.TestNeuroSymbolicSearch" name="test_results_are_search_results" time="0.001" /><testcase classname="tests.test_ucs_integration.TestNeuroSymbolicSearch" name="test_results_sorted_by_relevance" time="0.002" /><testcase classname="tests.test_ucs_integration.TestNeuroSymbolicSearch" name="test_returns_list" time="0.002" /><testcase classname="tests.test_ucs_integration.TestNeuroSymbolicSearch" name="test_top_n_respected" time="0.003" /><testcase classname="tests.test_ucs_integration.TestVirtuosoEngine" name="test_deterministic" time="0.000" /><testcase classname="tests.test_ucs_integration.TestVirtuosoEngine" name="test_generate_batch" time="0.000" /><testcase classname="tests.test_ucs_integration.TestVirtuosoEngine" name="test_generate_go" time="0.000" /><testcase classname="tests.test_ucs_integration.TestVirtuosoEngine" name="test_generate_javascript" time="0.000" /><testcase classname="tests.test_ucs_integration.TestVirtuosoEngine" name="test_generate_python" time="0.000" /><testcase classname="tests.test_ucs_integration.TestVirtuosoEngine" name="test_generate_rust" time="0.000" /><testcase classname="tests.test_ucs_integration.TestVirtuosoEngine" name="test_is_valid" time="0.000" /><testcase classname="tests.test_ucs_integration.TestVirtuosoEngine" name="test_phi_hint_in_code" time="0.000" /><testcase classname="tests.test_ucs_integration.TestVirtuosoEngine" name="test_relevance_nonnegative" time="0.000" /><testcase classname="tests.test_ucs_integration.TestVirtuosoEngine" name="test_seed_stored" time="0.000" /><testcase classname="tests.test_ucs_integration.TestVirtuosoEngine" name="test_soundness_meets_threshold" time="0.000" /><testcase classname="tests.test_ucs_integration.TestVirtuosoEngine" name="test_spec_stored" time="0.000" /><testcase classname="tests.test_ucs_integration.TestVirtuosoEngine" name="test_unknown_language_returns_result" time="0.000" /><testcase classname="tests.test_ucs_integration.TestEndToEndIntegration" name="test_determinism_across_runs" time="0.001" /><testcase classname="tests.test_ucs_integration.TestEndToEndIntegration" name="test_full_pipeline" time="0.001" /><testcase classname="tests.test_ucs_integration.TestEndToEndIntegration" name="test_phi_constants_used_throughout" time="0.000" /></testsuite></testsuites>