<?xml version="1.0" encoding="utf-8"?><testsuites><testsuite name="pytest" errors="0" failures="0" skipped="0" tests="14" time="1.304" timestamp="2026-03-08T23:35:27.714136" hostname="agent-env-17a37289-1cbf-4f4b-9ef7-596a1c1984ac"><testcase classname="tests.test_deterministic_runtime_review" name="test_query_lifecycle_enforced_when_deterministic_mode_true" time="0.009" /><testcase classname="tests.test_deterministic_runtime_review" name="test_query_no_regression_when_deterministic_mode_false" time="0.003" /><testcase classname="tests.test_deterministic_runtime_review" name="test_deterministic_proofs_authenticated_success" time="0.024" /><testcase classname="tests.test_deterministic_runtime_review" name="test_deterministic_basile_generate_returns_stable_hash_and_base29" time="0.011" /><testcase classname="tests.test_deterministic_runtime_review" name="test_deterministic_replay_validates_hash_chained_logs" time="0.007" /><testcase classname="tests.test_deterministic_runtime_review" name="test_existing_auth_dashboard_flow_still_functional" time="0.008" /><testcase classname="tests.test_auth_dashboard" name="test_login_rejects_invalid_credentials" time="0.002" /><testcase classname="tests.test_auth_dashboard" name="test_login_default_credentials_returns_token" time="0.002" /><testcase classname="tests.test_auth_dashboard" name="test_auth_me_requires_bearer_token" time="0.002" /><testcase classname="tests.test_auth_dashboard" name="test_auth_me_returns_authenticated_profile" time="0.004" /><testcase classname="tests.test_auth_dashboard" name="test_dashboard_overview_requires_auth" time="0.002" /><testcase classname="tests.test_auth_dashboard" name="test_dashboard_overview_returns_metrics_infra_feedback" time="0.004" /><testcase classname="tests.test_auth_dashboard" name="test_query_works_without_token_when_api_auth_disabled" time="0.004" /><testcase classname="tests.test_cross_language_rng" name="test_cross_language_rng_descriptor_parity" time="0.716" /></testsuite></testsuites>