<?xml version="1.0" encoding="utf-8"?><testsuites><testsuite name="pytest" errors="0" failures="0" skipped="0" tests="8" time="1.273" timestamp="2026-03-08T23:34:50.191651" hostname="agent-env-17a37289-1cbf-4f4b-9ef7-596a1c1984ac"><testcase classname="tests.test_deterministic_suite" name="test_lifecycle_state_order_enforced" time="0.002" /><testcase classname="tests.test_deterministic_suite" name="test_formal_invariants_pass" time="0.036" /><testcase classname="tests.test_deterministic_suite" name="test_basile_generation_bit_stable" time="0.016" /><testcase classname="tests.test_deterministic_suite" name="test_hash_chain_replay_and_regeneration" time="0.001" /><testcase classname="tests.test_deterministic_suite" name="test_rng_splitmix_words_stable" time="0.000" /><testcase classname="tests.test_deterministic_suite" name="test_corpus_engine_mmap_index" time="0.001" /><testcase classname="tests.test_deterministic_suite" name="test_api_deterministic_endpoints" time="0.015" /><testcase classname="tests.test_cross_language_rng" name="test_cross_language_rng_descriptor_parity" time="0.691" /></testsuite></testsuites>