<?xml version="1.0" encoding="utf-8"?><testsuites><testsuite name="pytest" errors="0" failures="0" skipped="7" tests="7" time="0.052" timestamp="2026-03-08T23:13:06.256294" hostname="agent-env-17a37289-1cbf-4f4b-9ef7-596a1c1984ac"><testcase classname="tests.test_auth_dashboard" name="test_login_rejects_invalid_credentials" time="0.000"><skipped type="pytest.skip" message="BACKEND_BASE_URL is not set">/app/tests/test_auth_dashboard.py:37: BACKEND_BASE_URL is not set</skipped></testcase><testcase classname="tests.test_auth_dashboard" name="test_login_default_credentials_returns_token" time="0.000"><skipped type="pytest.skip" message="BACKEND_BASE_URL is not set">/app/tests/test_auth_dashboard.py:47: BACKEND_BASE_URL is not set</skipped></testcase><testcase classname="tests.test_auth_dashboard" name="test_auth_me_requires_bearer_token" time="0.000"><skipped type="pytest.skip" message="BACKEND_BASE_URL is not set">/app/tests/test_auth_dashboard.py:59: BACKEND_BASE_URL is not set</skipped></testcase><testcase classname="tests.test_auth_dashboard" name="test_auth_me_returns_authenticated_profile" time="0.000"><skipped type="pytest.skip" message="BACKEND_BASE_URL is not set">/app/tests/test_auth_dashboard.py:65: BACKEND_BASE_URL is not set</skipped></testcase><testcase classname="tests.test_auth_dashboard" name="test_dashboard_overview_requires_auth" time="0.000"><skipped type="pytest.skip" message="BACKEND_BASE_URL is not set">/app/tests/test_auth_dashboard.py:79: BACKEND_BASE_URL is not set</skipped></testcase><testcase classname="tests.test_auth_dashboard" name="test_dashboard_overview_returns_metrics_infra_feedback" time="0.000"><skipped type="pytest.skip" message="BACKEND_BASE_URL is not set">/app/tests/test_auth_dashboard.py:85: BACKEND_BASE_URL is not set</skipped></testcase><testcase classname="tests.test_auth_dashboard" name="test_query_works_without_token_when_api_auth_disabled" time="0.000"><skipped type="pytest.skip" message="BACKEND_BASE_URL is not set">/app/tests/test_auth_dashboard.py:107: BACKEND_BASE_URL is not set</skipped></testcase></testsuite></testsuites>